{
    "/home/leonid/Documents/projects/bridgewire/src/BridgeWireBuilder.ts": {
        "path": "/home/leonid/Documents/projects/bridgewire/src/BridgeWireBuilder.ts",
        "statementMap": {
            "0": {
                "start": {"line": 74, "column": 8},
                "end": {"line": 74, "column": null}
            },
            "1": {
                "start": {"line": 85, "column": 25},
                "end": {"line": 85, "column": 78}
            },
            "2": {
                "start": {"line": 87, "column": 8},
                "end": {"line": 94, "column": null}
            },
            "3": {
                "start": {"line": 106, "column": 8},
                "end": {"line": 107, "column": null}
            },
            "4": {
                "start": {"line": 107, "column": 12},
                "end": {"line": 107, "column": null}
            },
            "5": {
                "start": {"line": 110, "column": 8},
                "end": {"line": 116, "column": null}
            },
            "6": {
                "start": {"line": 113, "column": 16},
                "end": {"line": 113, "column": null}
            },
            "7": {
                "start": {"line": 116, "column": 16},
                "end": {"line": 116, "column": null}
            },
            "8": {
                "start": {"line": 126, "column": 8},
                "end": {"line": 126, "column": null}
            },
            "9": {
                "start": {"line": 138, "column": 24},
                "end": {"line": 138, "column": null}
            },
            "10": {
                "start": {"line": 139, "column": 8},
                "end": {"line": 139, "column": null}
            },
            "11": {
                "start": {"line": 157, "column": 8},
                "end": {"line": 157, "column": null}
            },
            "12": {
                "start": {"line": 158, "column": 8},
                "end": {"line": 158, "column": null}
            },
            "13": {
                "start": {"line": 159, "column": 8},
                "end": {"line": 159, "column": null}
            },
            "14": {
                "start": {"line": 160, "column": 8},
                "end": {"line": 160, "column": null}
            },
            "15": {
                "start": {"line": 178, "column": 8},
                "end": {"line": 178, "column": null}
            },
            "16": {
                "start": {"line": 179, "column": 8},
                "end": {"line": 179, "column": null}
            },
            "17": {
                "start": {"line": 180, "column": 8},
                "end": {"line": 180, "column": null}
            },
            "18": {
                "start": {"line": 181, "column": 8},
                "end": {"line": 181, "column": null}
            },
            "19": {
                "start": {"line": 200, "column": 8},
                "end": {"line": 200, "column": null}
            },
            "20": {
                "start": {"line": 201, "column": 8},
                "end": {"line": 201, "column": null}
            },
            "21": {
                "start": {"line": 202, "column": 8},
                "end": {"line": 202, "column": null}
            },
            "22": {
                "start": {"line": 203, "column": 8},
                "end": {"line": 203, "column": null}
            },
            "23": {
                "start": {"line": 218, "column": 8},
                "end": {"line": 218, "column": null}
            },
            "24": {
                "start": {"line": 219, "column": 8},
                "end": {"line": 219, "column": null}
            },
            "25": {
                "start": {"line": 233, "column": 8},
                "end": {"line": 233, "column": null}
            },
            "26": {
                "start": {"line": 234, "column": 8},
                "end": {"line": 234, "column": null}
            },
            "27": {
                "start": {"line": 246, "column": 8},
                "end": {"line": 246, "column": null}
            },
            "28": {
                "start": {"line": 247, "column": 8},
                "end": {"line": 247, "column": null}
            },
            "29": {
                "start": {"line": 262, "column": 8},
                "end": {"line": 262, "column": null}
            },
            "30": {
                "start": {"line": 263, "column": 8},
                "end": {"line": 263, "column": null}
            },
            "31": {
                "start": {"line": 278, "column": 8},
                "end": {"line": 278, "column": null}
            },
            "32": {
                "start": {"line": 279, "column": 8},
                "end": {"line": 279, "column": null}
            },
            "33": {
                "start": {"line": 298, "column": 49},
                "end": {"line": 298, "column": 71}
            },
            "34": {
                "start": {"line": 300, "column": 8},
                "end": {"line": 301, "column": null}
            },
            "35": {
                "start": {"line": 301, "column": 12},
                "end": {"line": 301, "column": null}
            },
            "36": {
                "start": {"line": 304, "column": 8},
                "end": {"line": 305, "column": null}
            },
            "37": {
                "start": {"line": 305, "column": 12},
                "end": {"line": 305, "column": null}
            },
            "38": {
                "start": {"line": 308, "column": 8},
                "end": {"line": 309, "column": null}
            },
            "39": {
                "start": {"line": 309, "column": 12},
                "end": {"line": 309, "column": null}
            },
            "40": {
                "start": {"line": 312, "column": 8},
                "end": {"line": 313, "column": null}
            },
            "41": {
                "start": {"line": 313, "column": 12},
                "end": {"line": 313, "column": null}
            },
            "42": {
                "start": {"line": 316, "column": 8},
                "end": {"line": 317, "column": null}
            },
            "43": {
                "start": {"line": 317, "column": 12},
                "end": {"line": 317, "column": null}
            },
            "44": {
                "start": {"line": 320, "column": 8},
                "end": {"line": 320, "column": null}
            },
            "45": {
                "start": {"line": 332, "column": 8},
                "end": {"line": 332, "column": null}
            },
            "46": {
                "start": {"line": 333, "column": 8},
                "end": {"line": 333, "column": null}
            },
            "47": {
                "start": {"line": 351, "column": 8},
                "end": {"line": 353, "column": null}
            },
            "48": {
                "start": {"line": 354, "column": 8},
                "end": {"line": 354, "column": null}
            },
            "49": {
                "start": {"line": 368, "column": 8},
                "end": {"line": 370, "column": null}
            },
            "50": {
                "start": {"line": 372, "column": 8},
                "end": {"line": 372, "column": null}
            },
            "51": {
                "start": {"line": 387, "column": 8},
                "end": {"line": 387, "column": null}
            },
            "52": {
                "start": {"line": 388, "column": 8},
                "end": {"line": 388, "column": null}
            },
            "53": {
                "start": {"line": 402, "column": 8},
                "end": {"line": 402, "column": null}
            },
            "54": {
                "start": {"line": 403, "column": 8},
                "end": {"line": 403, "column": null}
            },
            "55": {
                "start": {"line": 417, "column": 8},
                "end": {"line": 417, "column": null}
            },
            "56": {
                "start": {"line": 418, "column": 8},
                "end": {"line": 418, "column": null}
            },
            "57": {
                "start": {"line": 432, "column": 8},
                "end": {"line": 432, "column": null}
            },
            "58": {
                "start": {"line": 433, "column": 8},
                "end": {"line": 433, "column": null}
            },
            "59": {
                "start": {"line": 447, "column": 8},
                "end": {"line": 447, "column": null}
            },
            "60": {
                "start": {"line": 448, "column": 8},
                "end": {"line": 448, "column": null}
            },
            "61": {
                "start": {"line": 462, "column": 8},
                "end": {"line": 462, "column": null}
            },
            "62": {
                "start": {"line": 463, "column": 8},
                "end": {"line": 463, "column": null}
            },
            "63": {
                "start": {"line": 477, "column": 8},
                "end": {"line": 477, "column": null}
            },
            "64": {
                "start": {"line": 478, "column": 8},
                "end": {"line": 478, "column": null}
            },
            "65": {
                "start": {"line": 492, "column": 8},
                "end": {"line": 492, "column": null}
            },
            "66": {
                "start": {"line": 493, "column": 8},
                "end": {"line": 493, "column": null}
            },
            "67": {
                "start": {"line": 508, "column": 8},
                "end": {"line": 508, "column": null}
            },
            "68": {
                "start": {"line": 509, "column": 8},
                "end": {"line": 509, "column": null}
            },
            "69": {
                "start": {"line": 527, "column": 24},
                "end": {"line": 527, "column": 42}
            },
            "70": {
                "start": {"line": 528, "column": 26},
                "end": {"line": 528, "column": 50}
            },
            "71": {
                "start": {"line": 529, "column": 24},
                "end": {"line": 529, "column": 42}
            },
            "72": {
                "start": {"line": 531, "column": 8},
                "end": {"line": 548, "column": null}
            },
            "73": {
                "start": {"line": 532, "column": 27},
                "end": {"line": 532, "column": 44}
            },
            "74": {
                "start": {"line": 534, "column": 12},
                "end": {"line": 548, "column": null}
            },
            "75": {
                "start": {"line": 551, "column": 8},
                "end": {"line": 551, "column": null}
            }
        },
        "fnMap": {
            "0": {
                "name": "(anonymous_0)",
                "decl": {
                    "start": {"line": 73, "column": 4},
                    "end": {"line": 73, "column": 18}
                },
                "loc": {
                    "start": {"line": 73, "column": 18},
                    "end": {"line": 74, "column": null}
                },
                "line": 73
            },
            "1": {
                "name": "(anonymous_1)",
                "decl": {
                    "start": {"line": 84, "column": 4},
                    "end": {"line": 84, "column": 27}
                },
                "loc": {
                    "start": {"line": 84, "column": 27},
                    "end": {"line": 94, "column": null}
                },
                "line": 84
            },
            "2": {
                "name": "(anonymous_2)",
                "decl": {
                    "start": {"line": 105, "column": 4},
                    "end": {"line": 105, "column": 39}
                },
                "loc": {
                    "start": {"line": 105, "column": 39},
                    "end": {"line": 116, "column": null}
                },
                "line": 105
            },
            "3": {
                "name": "(anonymous_3)",
                "decl": {
                    "start": {"line": 125, "column": 4},
                    "end": {"line": 125, "column": 29}
                },
                "loc": {
                    "start": {"line": 125, "column": 29},
                    "end": {"line": 126, "column": null}
                },
                "line": 125
            },
            "4": {
                "name": "(anonymous_4)",
                "decl": {
                    "start": {"line": 137, "column": 4},
                    "end": {"line": 137, "column": 26}
                },
                "loc": {
                    "start": {"line": 137, "column": 26},
                    "end": {"line": 139, "column": null}
                },
                "line": 137
            },
            "5": {
                "name": "(anonymous_5)",
                "decl": {
                    "start": {"line": 154, "column": 4},
                    "end": {"line": 154, "column": 11}
                },
                "loc": {
                    "start": {"line": 156, "column": 52},
                    "end": {"line": 160, "column": null}
                },
                "line": 156
            },
            "6": {
                "name": "(anonymous_6)",
                "decl": {
                    "start": {"line": 175, "column": 4},
                    "end": {"line": 175, "column": 11}
                },
                "loc": {
                    "start": {"line": 177, "column": 52},
                    "end": {"line": 181, "column": null}
                },
                "line": 177
            },
            "7": {
                "name": "(anonymous_7)",
                "decl": {
                    "start": {"line": 197, "column": 4},
                    "end": {"line": 197, "column": 11}
                },
                "loc": {
                    "start": {"line": 199, "column": 52},
                    "end": {"line": 203, "column": null}
                },
                "line": 199
            },
            "8": {
                "name": "(anonymous_8)",
                "decl": {
                    "start": {"line": 215, "column": 4},
                    "end": {"line": 215, "column": 11}
                },
                "loc": {
                    "start": {"line": 217, "column": 52},
                    "end": {"line": 219, "column": null}
                },
                "line": 217
            },
            "9": {
                "name": "(anonymous_9)",
                "decl": {
                    "start": {"line": 230, "column": 4},
                    "end": {"line": 230, "column": 11}
                },
                "loc": {
                    "start": {"line": 232, "column": 52},
                    "end": {"line": 234, "column": null}
                },
                "line": 232
            },
            "10": {
                "name": "(anonymous_10)",
                "decl": {
                    "start": {"line": 243, "column": 4},
                    "end": {"line": 243, "column": 11}
                },
                "loc": {
                    "start": {"line": 245, "column": 52},
                    "end": {"line": 247, "column": null}
                },
                "line": 245
            },
            "11": {
                "name": "(anonymous_11)",
                "decl": {
                    "start": {"line": 259, "column": 4},
                    "end": {"line": 259, "column": 11}
                },
                "loc": {
                    "start": {"line": 261, "column": 52},
                    "end": {"line": 263, "column": null}
                },
                "line": 261
            },
            "12": {
                "name": "(anonymous_12)",
                "decl": {
                    "start": {"line": 275, "column": 4},
                    "end": {"line": 275, "column": 11}
                },
                "loc": {
                    "start": {"line": 277, "column": 52},
                    "end": {"line": 279, "column": null}
                },
                "line": 277
            },
            "13": {
                "name": "(anonymous_13)",
                "decl": {
                    "start": {"line": 297, "column": 4},
                    "end": {"line": 297, "column": 11}
                },
                "loc": {
                    "start": {"line": 297, "column": 78},
                    "end": {"line": 320, "column": null}
                },
                "line": 297
            },
            "14": {
                "name": "(anonymous_14)",
                "decl": {
                    "start": {"line": 329, "column": 4},
                    "end": {"line": 329, "column": 11}
                },
                "loc": {
                    "start": {"line": 331, "column": 52},
                    "end": {"line": 333, "column": null}
                },
                "line": 331
            },
            "15": {
                "name": "(anonymous_15)",
                "decl": {
                    "start": {"line": 348, "column": 4},
                    "end": {"line": 348, "column": 11}
                },
                "loc": {
                    "start": {"line": 350, "column": 52},
                    "end": {"line": 354, "column": null}
                },
                "line": 350
            },
            "16": {
                "name": "(anonymous_16)",
                "decl": {
                    "start": {"line": 364, "column": 4},
                    "end": {"line": 364, "column": 11}
                },
                "loc": {
                    "start": {"line": 367, "column": 52},
                    "end": {"line": 372, "column": null}
                },
                "line": 367
            },
            "17": {
                "name": "(anonymous_17)",
                "decl": {
                    "start": {"line": 384, "column": 4},
                    "end": {"line": 384, "column": 11}
                },
                "loc": {
                    "start": {"line": 386, "column": 52},
                    "end": {"line": 388, "column": null}
                },
                "line": 386
            },
            "18": {
                "name": "(anonymous_18)",
                "decl": {
                    "start": {"line": 399, "column": 4},
                    "end": {"line": 399, "column": 11}
                },
                "loc": {
                    "start": {"line": 401, "column": 52},
                    "end": {"line": 403, "column": null}
                },
                "line": 401
            },
            "19": {
                "name": "(anonymous_19)",
                "decl": {
                    "start": {"line": 414, "column": 4},
                    "end": {"line": 414, "column": 11}
                },
                "loc": {
                    "start": {"line": 416, "column": 52},
                    "end": {"line": 418, "column": null}
                },
                "line": 416
            },
            "20": {
                "name": "(anonymous_20)",
                "decl": {
                    "start": {"line": 429, "column": 4},
                    "end": {"line": 429, "column": 11}
                },
                "loc": {
                    "start": {"line": 431, "column": 52},
                    "end": {"line": 433, "column": null}
                },
                "line": 431
            },
            "21": {
                "name": "(anonymous_21)",
                "decl": {
                    "start": {"line": 444, "column": 4},
                    "end": {"line": 444, "column": 11}
                },
                "loc": {
                    "start": {"line": 446, "column": 52},
                    "end": {"line": 448, "column": null}
                },
                "line": 446
            },
            "22": {
                "name": "(anonymous_22)",
                "decl": {
                    "start": {"line": 459, "column": 4},
                    "end": {"line": 459, "column": 11}
                },
                "loc": {
                    "start": {"line": 461, "column": 52},
                    "end": {"line": 463, "column": null}
                },
                "line": 461
            },
            "23": {
                "name": "(anonymous_23)",
                "decl": {
                    "start": {"line": 474, "column": 4},
                    "end": {"line": 474, "column": 11}
                },
                "loc": {
                    "start": {"line": 476, "column": 52},
                    "end": {"line": 478, "column": null}
                },
                "line": 476
            },
            "24": {
                "name": "(anonymous_24)",
                "decl": {
                    "start": {"line": 489, "column": 4},
                    "end": {"line": 489, "column": 11}
                },
                "loc": {
                    "start": {"line": 491, "column": 52},
                    "end": {"line": 493, "column": null}
                },
                "line": 491
            },
            "25": {
                "name": "(anonymous_25)",
                "decl": {
                    "start": {"line": 505, "column": 4},
                    "end": {"line": 505, "column": 11}
                },
                "loc": {
                    "start": {"line": 507, "column": 52},
                    "end": {"line": 509, "column": null}
                },
                "line": 507
            },
            "26": {
                "name": "(anonymous_26)",
                "decl": {
                    "start": {"line": 526, "column": 4},
                    "end": {"line": 526, "column": 11}
                },
                "loc": {
                    "start": {"line": 526, "column": 67},
                    "end": {"line": 551, "column": null}
                },
                "line": 526
            }
        },
        "branchMap": {
            "0": {
                "loc": {
                    "start": {"line": 85, "column": 25},
                    "end": {"line": 85, "column": 78}
                },
                "type": "binary-expr",
                "locations": [
                    {
                        "start": {"line": 85, "column": 25},
                        "end": {"line": 85, "column": 43}
                    },
                    {
                        "start": {"line": 85, "column": 30},
                        "end": {"line": 85, "column": 78}
                    }
                ],
                "line": 85
            },
            "1": {
                "loc": {
                    "start": {"line": 89, "column": 18},
                    "end": {"line": 89, "column": 56}
                },
                "type": "binary-expr",
                "locations": [
                    {
                        "start": {"line": 89, "column": 18},
                        "end": {"line": 89, "column": 32}
                    },
                    {
                        "start": {"line": 89, "column": 23},
                        "end": {"line": 89, "column": 56}
                    }
                ],
                "line": 89
            },
            "2": {
                "loc": {
                    "start": {"line": 90, "column": 18},
                    "end": {"line": 90, "column": 48}
                },
                "type": "binary-expr",
                "locations": [
                    {
                        "start": {"line": 90, "column": 18},
                        "end": {"line": 90, "column": 32}
                    },
                    {
                        "start": {"line": 90, "column": 23},
                        "end": {"line": 90, "column": 48}
                    }
                ],
                "line": 90
            },
            "3": {
                "loc": {
                    "start": {"line": 91, "column": 18},
                    "end": {"line": 91, "column": null}
                },
                "type": "binary-expr",
                "locations": [
                    {
                        "start": {"line": 91, "column": 18},
                        "end": {"line": 91, "column": 32}
                    },
                    {
                        "start": {"line": 91, "column": 32},
                        "end": {"line": 91, "column": null}
                    }
                ],
                "line": 91
            },
            "4": {
                "loc": {
                    "start": {"line": 93, "column": 19},
                    "end": {"line": 93, "column": null}
                },
                "type": "binary-expr",
                "locations": [
                    {
                        "start": {"line": 93, "column": 19},
                        "end": {"line": 93, "column": 34}
                    },
                    {
                        "start": {"line": 93, "column": 34},
                        "end": {"line": 93, "column": null}
                    }
                ],
                "line": 93
            },
            "5": {
                "loc": {
                    "start": {"line": 106, "column": 8},
                    "end": {"line": 107, "column": null}
                },
                "type": "if",
                "locations": [
                    {
                        "start": {"line": 106, "column": 8},
                        "end": {"line": 107, "column": null}
                    },
                    {"start": {}, "end": {}}
                ],
                "line": 106
            },
            "6": {
                "loc": {
                    "start": {"line": 110, "column": 8},
                    "end": {"line": 116, "column": null}
                },
                "type": "switch",
                "locations": [
                    {
                        "start": {"line": 111, "column": 12},
                        "end": {"line": 111, "column": null}
                    },
                    {
                        "start": {"line": 112, "column": 12},
                        "end": {"line": 113, "column": null}
                    },
                    {
                        "start": {"line": 114, "column": 12},
                        "end": {"line": 114, "column": null}
                    },
                    {
                        "start": {"line": 115, "column": 12},
                        "end": {"line": 116, "column": null}
                    }
                ],
                "line": 110
            },
            "7": {
                "loc": {
                    "start": {"line": 126, "column": 15},
                    "end": {"line": 126, "column": null}
                },
                "type": "binary-expr",
                "locations": [
                    {
                        "start": {"line": 126, "column": 15},
                        "end": {"line": 126, "column": 31}
                    },
                    {
                        "start": {"line": 126, "column": 31},
                        "end": {"line": 126, "column": null}
                    }
                ],
                "line": 126
            },
            "8": {
                "loc": {
                    "start": {"line": 138, "column": 24},
                    "end": {"line": 138, "column": null}
                },
                "type": "binary-expr",
                "locations": [
                    {
                        "start": {"line": 138, "column": 24},
                        "end": {"line": 138, "column": 41}
                    },
                    {
                        "start": {"line": 138, "column": 41},
                        "end": {"line": 138, "column": null}
                    }
                ],
                "line": 138
            },
            "9": {
                "loc": {
                    "start": {"line": 139, "column": 15},
                    "end": {"line": 139, "column": null}
                },
                "type": "cond-expr",
                "locations": [
                    {
                        "start": {"line": 139, "column": 29},
                        "end": {"line": 139, "column": 39}
                    },
                    {
                        "start": {"line": 139, "column": 39},
                        "end": {"line": 139, "column": null}
                    }
                ],
                "line": 139
            },
            "10": {
                "loc": {
                    "start": {"line": 262, "column": 21},
                    "end": {"line": 262, "column": null}
                },
                "type": "cond-expr",
                "locations": [
                    {
                        "start": {"line": 262, "column": 44},
                        "end": {"line": 262, "column": 51}
                    },
                    {
                        "start": {"line": 262, "column": 51},
                        "end": {"line": 262, "column": null}
                    }
                ],
                "line": 262
            },
            "11": {
                "loc": {
                    "start": {"line": 300, "column": 8},
                    "end": {"line": 301, "column": null}
                },
                "type": "if",
                "locations": [
                    {
                        "start": {"line": 300, "column": 8},
                        "end": {"line": 301, "column": null}
                    },
                    {"start": {}, "end": {}}
                ],
                "line": 300
            },
            "12": {
                "loc": {
                    "start": {"line": 304, "column": 8},
                    "end": {"line": 305, "column": null}
                },
                "type": "if",
                "locations": [
                    {
                        "start": {"line": 304, "column": 8},
                        "end": {"line": 305, "column": null}
                    },
                    {"start": {}, "end": {}}
                ],
                "line": 304
            },
            "13": {
                "loc": {
                    "start": {"line": 308, "column": 8},
                    "end": {"line": 309, "column": null}
                },
                "type": "if",
                "locations": [
                    {
                        "start": {"line": 308, "column": 8},
                        "end": {"line": 309, "column": null}
                    },
                    {"start": {}, "end": {}}
                ],
                "line": 308
            },
            "14": {
                "loc": {
                    "start": {"line": 312, "column": 8},
                    "end": {"line": 313, "column": null}
                },
                "type": "if",
                "locations": [
                    {
                        "start": {"line": 312, "column": 8},
                        "end": {"line": 313, "column": null}
                    },
                    {"start": {}, "end": {}}
                ],
                "line": 312
            },
            "15": {
                "loc": {
                    "start": {"line": 316, "column": 8},
                    "end": {"line": 317, "column": null}
                },
                "type": "if",
                "locations": [
                    {
                        "start": {"line": 316, "column": 8},
                        "end": {"line": 317, "column": null}
                    },
                    {"start": {}, "end": {}}
                ],
                "line": 316
            },
            "16": {
                "loc": {
                    "start": {"line": 351, "column": 24},
                    "end": {"line": 353, "column": 26}
                },
                "type": "cond-expr",
                "locations": [
                    {
                        "start": {"line": 352, "column": 14},
                        "end": {"line": 352, "column": null}
                    },
                    {
                        "start": {"line": 353, "column": 14},
                        "end": {"line": 353, "column": 26}
                    }
                ],
                "line": 351
            },
            "17": {
                "loc": {
                    "start": {"line": 368, "column": 24},
                    "end": {"line": 370, "column": 41}
                },
                "type": "cond-expr",
                "locations": [
                    {
                        "start": {"line": 369, "column": 14},
                        "end": {"line": 369, "column": null}
                    },
                    {
                        "start": {"line": 370, "column": 14},
                        "end": {"line": 370, "column": 41}
                    }
                ],
                "line": 368
            },
            "18": {
                "loc": {
                    "start": {"line": 506, "column": 8},
                    "end": {"line": 506, "column": null}
                },
                "type": "default-arg",
                "locations": [
                    {
                        "start": {"line": 506, "column": 29},
                        "end": {"line": 506, "column": null}
                    }
                ],
                "line": 506
            },
            "19": {
                "loc": {
                    "start": {"line": 531, "column": 8},
                    "end": {"line": 548, "column": null}
                },
                "type": "if",
                "locations": [
                    {
                        "start": {"line": 531, "column": 8},
                        "end": {"line": 548, "column": null}
                    },
                    {"start": {}, "end": {}}
                ],
                "line": 531
            },
            "20": {
                "loc": {
                    "start": {"line": 538, "column": 25},
                    "end": {"line": 538, "column": 44}
                },
                "type": "binary-expr",
                "locations": [
                    {
                        "start": {"line": 538, "column": 25},
                        "end": {"line": 538, "column": 42}
                    },
                    {
                        "start": {"line": 538, "column": 42},
                        "end": {"line": 538, "column": 44}
                    }
                ],
                "line": 538
            }
        },
        "s": {
            "0": 0,
            "1": 0,
            "2": 0,
            "3": 0,
            "4": 0,
            "5": 0,
            "6": 0,
            "7": 0,
            "8": 0,
            "9": 0,
            "10": 0,
            "11": 0,
            "12": 0,
            "13": 0,
            "14": 0,
            "15": 0,
            "16": 0,
            "17": 0,
            "18": 0,
            "19": 0,
            "20": 0,
            "21": 0,
            "22": 0,
            "23": 0,
            "24": 0,
            "25": 0,
            "26": 0,
            "27": 0,
            "28": 0,
            "29": 0,
            "30": 0,
            "31": 0,
            "32": 0,
            "33": 0,
            "34": 0,
            "35": 0,
            "36": 0,
            "37": 0,
            "38": 0,
            "39": 0,
            "40": 0,
            "41": 0,
            "42": 0,
            "43": 0,
            "44": 0,
            "45": 0,
            "46": 0,
            "47": 0,
            "48": 0,
            "49": 0,
            "50": 0,
            "51": 0,
            "52": 0,
            "53": 0,
            "54": 0,
            "55": 0,
            "56": 0,
            "57": 0,
            "58": 0,
            "59": 0,
            "60": 0,
            "61": 0,
            "62": 0,
            "63": 0,
            "64": 0,
            "65": 0,
            "66": 0,
            "67": 0,
            "68": 0,
            "69": 0,
            "70": 0,
            "71": 0,
            "72": 0,
            "73": 0,
            "74": 0,
            "75": 0
        },
        "f": {
            "0": 0,
            "1": 0,
            "2": 0,
            "3": 0,
            "4": 0,
            "5": 0,
            "6": 0,
            "7": 0,
            "8": 0,
            "9": 0,
            "10": 0,
            "11": 0,
            "12": 0,
            "13": 0,
            "14": 0,
            "15": 0,
            "16": 0,
            "17": 0,
            "18": 0,
            "19": 0,
            "20": 0,
            "21": 0,
            "22": 0,
            "23": 0,
            "24": 0,
            "25": 0,
            "26": 0
        },
        "b": {
            "0": [0, 0],
            "1": [0, 0],
            "2": [0, 0],
            "3": [0, 0],
            "4": [0, 0],
            "5": [0, 0],
            "6": [0, 0, 0, 0],
            "7": [0, 0],
            "8": [0, 0],
            "9": [0, 0],
            "10": [0, 0],
            "11": [0, 0],
            "12": [0, 0],
            "13": [0, 0],
            "14": [0, 0],
            "15": [0, 0],
            "16": [0, 0],
            "17": [0, 0],
            "18": [0],
            "19": [0, 0],
            "20": [0, 0]
        },
        "meta": {
            "lastBranch": 21,
            "lastFunction": 27,
            "lastStatement": 76,
            "seen": {
                "f:73:4:73:18": 0,
                "s:74:8:74:Infinity": 0,
                "f:84:4:84:27": 1,
                "s:85:25:85:78": 1,
                "b:85:25:85:43:85:30:85:78": 0,
                "s:87:8:94:Infinity": 2,
                "b:89:18:89:32:89:23:89:56": 1,
                "b:90:18:90:32:90:23:90:48": 2,
                "b:91:18:91:32:91:32:91:Infinity": 3,
                "b:93:19:93:34:93:34:93:Infinity": 4,
                "f:105:4:105:39": 2,
                "b:106:8:107:Infinity:undefined:undefined:undefined:undefined": 5,
                "s:106:8:107:Infinity": 3,
                "s:107:12:107:Infinity": 4,
                "b:111:12:111:Infinity:112:12:113:Infinity:114:12:114:Infinity:115:12:116:Infinity": 6,
                "s:110:8:116:Infinity": 5,
                "s:113:16:113:Infinity": 6,
                "s:116:16:116:Infinity": 7,
                "f:125:4:125:29": 3,
                "s:126:8:126:Infinity": 8,
                "b:126:15:126:31:126:31:126:Infinity": 7,
                "f:137:4:137:26": 4,
                "s:138:24:138:Infinity": 9,
                "b:138:24:138:41:138:41:138:Infinity": 8,
                "s:139:8:139:Infinity": 10,
                "b:139:29:139:39:139:39:139:Infinity": 9,
                "f:154:4:154:11": 5,
                "s:157:8:157:Infinity": 11,
                "s:158:8:158:Infinity": 12,
                "s:159:8:159:Infinity": 13,
                "s:160:8:160:Infinity": 14,
                "f:175:4:175:11": 6,
                "s:178:8:178:Infinity": 15,
                "s:179:8:179:Infinity": 16,
                "s:180:8:180:Infinity": 17,
                "s:181:8:181:Infinity": 18,
                "f:197:4:197:11": 7,
                "s:200:8:200:Infinity": 19,
                "s:201:8:201:Infinity": 20,
                "s:202:8:202:Infinity": 21,
                "s:203:8:203:Infinity": 22,
                "f:215:4:215:11": 8,
                "s:218:8:218:Infinity": 23,
                "s:219:8:219:Infinity": 24,
                "f:230:4:230:11": 9,
                "s:233:8:233:Infinity": 25,
                "s:234:8:234:Infinity": 26,
                "f:243:4:243:11": 10,
                "s:246:8:246:Infinity": 27,
                "s:247:8:247:Infinity": 28,
                "f:259:4:259:11": 11,
                "s:262:8:262:Infinity": 29,
                "b:262:44:262:51:262:51:262:Infinity": 10,
                "s:263:8:263:Infinity": 30,
                "f:275:4:275:11": 12,
                "s:278:8:278:Infinity": 31,
                "s:279:8:279:Infinity": 32,
                "f:297:4:297:11": 13,
                "s:298:49:298:71": 33,
                "b:300:8:301:Infinity:undefined:undefined:undefined:undefined": 11,
                "s:300:8:301:Infinity": 34,
                "s:301:12:301:Infinity": 35,
                "b:304:8:305:Infinity:undefined:undefined:undefined:undefined": 12,
                "s:304:8:305:Infinity": 36,
                "s:305:12:305:Infinity": 37,
                "b:308:8:309:Infinity:undefined:undefined:undefined:undefined": 13,
                "s:308:8:309:Infinity": 38,
                "s:309:12:309:Infinity": 39,
                "b:312:8:313:Infinity:undefined:undefined:undefined:undefined": 14,
                "s:312:8:313:Infinity": 40,
                "s:313:12:313:Infinity": 41,
                "b:316:8:317:Infinity:undefined:undefined:undefined:undefined": 15,
                "s:316:8:317:Infinity": 42,
                "s:317:12:317:Infinity": 43,
                "s:320:8:320:Infinity": 44,
                "f:329:4:329:11": 14,
                "s:332:8:332:Infinity": 45,
                "s:333:8:333:Infinity": 46,
                "f:348:4:348:11": 15,
                "s:351:8:353:Infinity": 47,
                "b:352:14:352:Infinity:353:14:353:26": 16,
                "s:354:8:354:Infinity": 48,
                "f:364:4:364:11": 16,
                "s:368:8:370:Infinity": 49,
                "b:369:14:369:Infinity:370:14:370:41": 17,
                "s:372:8:372:Infinity": 50,
                "f:384:4:384:11": 17,
                "s:387:8:387:Infinity": 51,
                "s:388:8:388:Infinity": 52,
                "f:399:4:399:11": 18,
                "s:402:8:402:Infinity": 53,
                "s:403:8:403:Infinity": 54,
                "f:414:4:414:11": 19,
                "s:417:8:417:Infinity": 55,
                "s:418:8:418:Infinity": 56,
                "f:429:4:429:11": 20,
                "s:432:8:432:Infinity": 57,
                "s:433:8:433:Infinity": 58,
                "f:444:4:444:11": 21,
                "s:447:8:447:Infinity": 59,
                "s:448:8:448:Infinity": 60,
                "f:459:4:459:11": 22,
                "s:462:8:462:Infinity": 61,
                "s:463:8:463:Infinity": 62,
                "f:474:4:474:11": 23,
                "s:477:8:477:Infinity": 63,
                "s:478:8:478:Infinity": 64,
                "f:489:4:489:11": 24,
                "s:492:8:492:Infinity": 65,
                "s:493:8:493:Infinity": 66,
                "f:505:4:505:11": 25,
                "b:506:29:506:Infinity": 18,
                "s:508:8:508:Infinity": 67,
                "s:509:8:509:Infinity": 68,
                "f:526:4:526:11": 26,
                "s:527:24:527:42": 69,
                "s:528:26:528:50": 70,
                "s:529:24:529:42": 71,
                "b:531:8:548:Infinity:undefined:undefined:undefined:undefined": 19,
                "s:531:8:548:Infinity": 72,
                "s:532:27:532:44": 73,
                "s:534:12:548:Infinity": 74,
                "b:538:25:538:42:538:42:538:44": 20,
                "s:551:8:551:Infinity": 75
            }
        }
    },
    "/home/leonid/Documents/projects/bridgewire/src/types.ts": {
        "path": "/home/leonid/Documents/projects/bridgewire/src/types.ts",
        "statementMap": {
            "0": {
                "start": {"line": 23, "column": 7},
                "end": {"line": 33, "column": null}
            },
            "1": {
                "start": {"line": 27, "column": 4},
                "end": {"line": 27, "column": null}
            },
            "2": {
                "start": {"line": 32, "column": 4},
                "end": {"line": 32, "column": null}
            },
            "3": {
                "start": {"line": 38, "column": 7},
                "end": {"line": 58, "column": null}
            },
            "4": {
                "start": {"line": 42, "column": 4},
                "end": {"line": 42, "column": null}
            },
            "5": {
                "start": {"line": 47, "column": 4},
                "end": {"line": 47, "column": null}
            },
            "6": {
                "start": {"line": 52, "column": 4},
                "end": {"line": 52, "column": null}
            },
            "7": {
                "start": {"line": 57, "column": 4},
                "end": {"line": 57, "column": null}
            },
            "8": {
                "start": {"line": 63, "column": 7},
                "end": {"line": 71, "column": null}
            },
            "9": {
                "start": {"line": 64, "column": 4},
                "end": {"line": 64, "column": null}
            },
            "10": {
                "start": {"line": 65, "column": 4},
                "end": {"line": 65, "column": null}
            },
            "11": {
                "start": {"line": 66, "column": 4},
                "end": {"line": 66, "column": null}
            },
            "12": {
                "start": {"line": 67, "column": 4},
                "end": {"line": 67, "column": null}
            },
            "13": {
                "start": {"line": 68, "column": 4},
                "end": {"line": 68, "column": null}
            },
            "14": {
                "start": {"line": 69, "column": 4},
                "end": {"line": 69, "column": null}
            },
            "15": {
                "start": {"line": 70, "column": 4},
                "end": {"line": 70, "column": null}
            },
            "16": {
                "start": {"line": 163, "column": 7},
                "end": {"line": 188, "column": null}
            },
            "17": {
                "start": {"line": 167, "column": 4},
                "end": {"line": 167, "column": null}
            },
            "18": {
                "start": {"line": 172, "column": 4},
                "end": {"line": 172, "column": null}
            },
            "19": {
                "start": {"line": 177, "column": 4},
                "end": {"line": 177, "column": null}
            },
            "20": {
                "start": {"line": 182, "column": 4},
                "end": {"line": 182, "column": null}
            },
            "21": {
                "start": {"line": 187, "column": 4},
                "end": {"line": 187, "column": null}
            },
            "22": {
                "start": {"line": 230, "column": 7},
                "end": {"line": 255, "column": null}
            },
            "23": {
                "start": {"line": 234, "column": 4},
                "end": {"line": 234, "column": null}
            },
            "24": {
                "start": {"line": 239, "column": 4},
                "end": {"line": 239, "column": null}
            },
            "25": {
                "start": {"line": 244, "column": 4},
                "end": {"line": 244, "column": null}
            },
            "26": {
                "start": {"line": 249, "column": 4},
                "end": {"line": 249, "column": null}
            },
            "27": {
                "start": {"line": 254, "column": 4},
                "end": {"line": 254, "column": null}
            },
            "28": {
                "start": {"line": 262, "column": 7},
                "end": {"line": 266, "column": null}
            },
            "29": {
                "start": {"line": 263, "column": 4},
                "end": {"line": 263, "column": null}
            },
            "30": {
                "start": {"line": 264, "column": 4},
                "end": {"line": 264, "column": null}
            },
            "31": {
                "start": {"line": 265, "column": 4},
                "end": {"line": 265, "column": null}
            },
            "32": {
                "start": {"line": 273, "column": 7},
                "end": {"line": 277, "column": null}
            },
            "33": {
                "start": {"line": 274, "column": 4},
                "end": {"line": 274, "column": null}
            },
            "34": {
                "start": {"line": 275, "column": 4},
                "end": {"line": 275, "column": null}
            },
            "35": {
                "start": {"line": 276, "column": 4},
                "end": {"line": 276, "column": null}
            },
            "36": {
                "start": {"line": 284, "column": 7},
                "end": {"line": 291, "column": null}
            },
            "37": {
                "start": {"line": 285, "column": 4},
                "end": {"line": 285, "column": null}
            },
            "38": {
                "start": {"line": 286, "column": 4},
                "end": {"line": 286, "column": null}
            },
            "39": {
                "start": {"line": 287, "column": 4},
                "end": {"line": 287, "column": null}
            },
            "40": {
                "start": {"line": 288, "column": 4},
                "end": {"line": 288, "column": null}
            },
            "41": {
                "start": {"line": 289, "column": 4},
                "end": {"line": 289, "column": null}
            },
            "42": {
                "start": {"line": 290, "column": 4},
                "end": {"line": 290, "column": null}
            },
            "43": {
                "start": {"line": 298, "column": 7},
                "end": {"line": 302, "column": null}
            },
            "44": {
                "start": {"line": 299, "column": 4},
                "end": {"line": 299, "column": null}
            },
            "45": {
                "start": {"line": 300, "column": 4},
                "end": {"line": 300, "column": null}
            },
            "46": {
                "start": {"line": 301, "column": 4},
                "end": {"line": 301, "column": null}
            },
            "47": {
                "start": {"line": 310, "column": 7},
                "end": {"line": 375, "column": null}
            },
            "48": {
                "start": {"line": 314, "column": 4},
                "end": {"line": 314, "column": null}
            },
            "49": {
                "start": {"line": 319, "column": 4},
                "end": {"line": 319, "column": null}
            },
            "50": {
                "start": {"line": 324, "column": 4},
                "end": {"line": 324, "column": null}
            },
            "51": {
                "start": {"line": 329, "column": 4},
                "end": {"line": 329, "column": null}
            },
            "52": {
                "start": {"line": 334, "column": 4},
                "end": {"line": 334, "column": null}
            },
            "53": {
                "start": {"line": 339, "column": 4},
                "end": {"line": 339, "column": null}
            },
            "54": {
                "start": {"line": 344, "column": 4},
                "end": {"line": 344, "column": null}
            },
            "55": {
                "start": {"line": 349, "column": 4},
                "end": {"line": 349, "column": null}
            },
            "56": {
                "start": {"line": 354, "column": 4},
                "end": {"line": 354, "column": null}
            },
            "57": {
                "start": {"line": 359, "column": 4},
                "end": {"line": 359, "column": null}
            },
            "58": {
                "start": {"line": 364, "column": 4},
                "end": {"line": 364, "column": null}
            },
            "59": {
                "start": {"line": 369, "column": 4},
                "end": {"line": 369, "column": null}
            },
            "60": {
                "start": {"line": 374, "column": 4},
                "end": {"line": 374, "column": null}
            },
            "61": {
                "start": {"line": 383, "column": 42},
                "end": {"line": 393, "column": null}
            },
            "62": {
                "start": {"line": 406, "column": 7},
                "end": {"line": 433, "column": null}
            },
            "63": {
                "start": {"line": 410, "column": 4},
                "end": {"line": 410, "column": null}
            },
            "64": {
                "start": {"line": 415, "column": 4},
                "end": {"line": 415, "column": null}
            },
            "65": {
                "start": {"line": 420, "column": 4},
                "end": {"line": 420, "column": null}
            },
            "66": {
                "start": {"line": 427, "column": 4},
                "end": {"line": 427, "column": null}
            },
            "67": {
                "start": {"line": 432, "column": 4},
                "end": {"line": 432, "column": null}
            }
        },
        "fnMap": {
            "0": {
                "name": "(anonymous_0)",
                "decl": {
                    "start": {"line": 23, "column": 7},
                    "end": {"line": 23, "column": 12}
                },
                "loc": {
                    "start": {"line": 23, "column": 7},
                    "end": {"line": 33, "column": null}
                },
                "line": 23
            },
            "1": {
                "name": "(anonymous_1)",
                "decl": {
                    "start": {"line": 38, "column": 7},
                    "end": {"line": 38, "column": 12}
                },
                "loc": {
                    "start": {"line": 38, "column": 7},
                    "end": {"line": 58, "column": null}
                },
                "line": 38
            },
            "2": {
                "name": "(anonymous_2)",
                "decl": {
                    "start": {"line": 63, "column": 7},
                    "end": {"line": 63, "column": 12}
                },
                "loc": {
                    "start": {"line": 63, "column": 7},
                    "end": {"line": 71, "column": null}
                },
                "line": 63
            },
            "3": {
                "name": "(anonymous_3)",
                "decl": {
                    "start": {"line": 163, "column": 7},
                    "end": {"line": 163, "column": 12}
                },
                "loc": {
                    "start": {"line": 163, "column": 7},
                    "end": {"line": 188, "column": null}
                },
                "line": 163
            },
            "4": {
                "name": "(anonymous_4)",
                "decl": {
                    "start": {"line": 230, "column": 7},
                    "end": {"line": 230, "column": 12}
                },
                "loc": {
                    "start": {"line": 230, "column": 7},
                    "end": {"line": 255, "column": null}
                },
                "line": 230
            },
            "5": {
                "name": "(anonymous_5)",
                "decl": {
                    "start": {"line": 262, "column": 7},
                    "end": {"line": 262, "column": 12}
                },
                "loc": {
                    "start": {"line": 262, "column": 7},
                    "end": {"line": 266, "column": null}
                },
                "line": 262
            },
            "6": {
                "name": "(anonymous_6)",
                "decl": {
                    "start": {"line": 273, "column": 7},
                    "end": {"line": 273, "column": 12}
                },
                "loc": {
                    "start": {"line": 273, "column": 7},
                    "end": {"line": 277, "column": null}
                },
                "line": 273
            },
            "7": {
                "name": "(anonymous_7)",
                "decl": {
                    "start": {"line": 284, "column": 7},
                    "end": {"line": 284, "column": 12}
                },
                "loc": {
                    "start": {"line": 284, "column": 7},
                    "end": {"line": 291, "column": null}
                },
                "line": 284
            },
            "8": {
                "name": "(anonymous_8)",
                "decl": {
                    "start": {"line": 298, "column": 7},
                    "end": {"line": 298, "column": 12}
                },
                "loc": {
                    "start": {"line": 298, "column": 7},
                    "end": {"line": 302, "column": null}
                },
                "line": 298
            },
            "9": {
                "name": "(anonymous_9)",
                "decl": {
                    "start": {"line": 310, "column": 7},
                    "end": {"line": 310, "column": 12}
                },
                "loc": {
                    "start": {"line": 310, "column": 7},
                    "end": {"line": 375, "column": null}
                },
                "line": 310
            },
            "10": {
                "name": "(anonymous_10)",
                "decl": {
                    "start": {"line": 406, "column": 7},
                    "end": {"line": 406, "column": 12}
                },
                "loc": {
                    "start": {"line": 406, "column": 7},
                    "end": {"line": 433, "column": null}
                },
                "line": 406
            }
        },
        "branchMap": {},
        "s": {
            "0": 7,
            "1": 7,
            "2": 7,
            "3": 7,
            "4": 7,
            "5": 7,
            "6": 7,
            "7": 7,
            "8": 7,
            "9": 7,
            "10": 7,
            "11": 7,
            "12": 7,
            "13": 7,
            "14": 7,
            "15": 7,
            "16": 7,
            "17": 7,
            "18": 7,
            "19": 7,
            "20": 7,
            "21": 7,
            "22": 7,
            "23": 7,
            "24": 7,
            "25": 7,
            "26": 7,
            "27": 7,
            "28": 7,
            "29": 7,
            "30": 7,
            "31": 7,
            "32": 7,
            "33": 7,
            "34": 7,
            "35": 7,
            "36": 7,
            "37": 7,
            "38": 7,
            "39": 7,
            "40": 7,
            "41": 7,
            "42": 7,
            "43": 7,
            "44": 7,
            "45": 7,
            "46": 7,
            "47": 7,
            "48": 7,
            "49": 7,
            "50": 7,
            "51": 7,
            "52": 7,
            "53": 7,
            "54": 7,
            "55": 7,
            "56": 7,
            "57": 7,
            "58": 7,
            "59": 7,
            "60": 7,
            "61": 7,
            "62": 7,
            "63": 7,
            "64": 7,
            "65": 7,
            "66": 7,
            "67": 7
        },
        "f": {
            "0": 7,
            "1": 7,
            "2": 7,
            "3": 7,
            "4": 7,
            "5": 7,
            "6": 7,
            "7": 7,
            "8": 7,
            "9": 7,
            "10": 7
        },
        "b": {},
        "meta": {
            "lastBranch": 0,
            "lastFunction": 11,
            "lastStatement": 68,
            "seen": {
                "s:23:7:33:Infinity": 0,
                "f:23:7:23:12": 0,
                "s:27:4:27:Infinity": 1,
                "s:32:4:32:Infinity": 2,
                "s:38:7:58:Infinity": 3,
                "f:38:7:38:12": 1,
                "s:42:4:42:Infinity": 4,
                "s:47:4:47:Infinity": 5,
                "s:52:4:52:Infinity": 6,
                "s:57:4:57:Infinity": 7,
                "s:63:7:71:Infinity": 8,
                "f:63:7:63:12": 2,
                "s:64:4:64:Infinity": 9,
                "s:65:4:65:Infinity": 10,
                "s:66:4:66:Infinity": 11,
                "s:67:4:67:Infinity": 12,
                "s:68:4:68:Infinity": 13,
                "s:69:4:69:Infinity": 14,
                "s:70:4:70:Infinity": 15,
                "s:163:7:188:Infinity": 16,
                "f:163:7:163:12": 3,
                "s:167:4:167:Infinity": 17,
                "s:172:4:172:Infinity": 18,
                "s:177:4:177:Infinity": 19,
                "s:182:4:182:Infinity": 20,
                "s:187:4:187:Infinity": 21,
                "s:230:7:255:Infinity": 22,
                "f:230:7:230:12": 4,
                "s:234:4:234:Infinity": 23,
                "s:239:4:239:Infinity": 24,
                "s:244:4:244:Infinity": 25,
                "s:249:4:249:Infinity": 26,
                "s:254:4:254:Infinity": 27,
                "s:262:7:266:Infinity": 28,
                "f:262:7:262:12": 5,
                "s:263:4:263:Infinity": 29,
                "s:264:4:264:Infinity": 30,
                "s:265:4:265:Infinity": 31,
                "s:273:7:277:Infinity": 32,
                "f:273:7:273:12": 6,
                "s:274:4:274:Infinity": 33,
                "s:275:4:275:Infinity": 34,
                "s:276:4:276:Infinity": 35,
                "s:284:7:291:Infinity": 36,
                "f:284:7:284:12": 7,
                "s:285:4:285:Infinity": 37,
                "s:286:4:286:Infinity": 38,
                "s:287:4:287:Infinity": 39,
                "s:288:4:288:Infinity": 40,
                "s:289:4:289:Infinity": 41,
                "s:290:4:290:Infinity": 42,
                "s:298:7:302:Infinity": 43,
                "f:298:7:298:12": 8,
                "s:299:4:299:Infinity": 44,
                "s:300:4:300:Infinity": 45,
                "s:301:4:301:Infinity": 46,
                "s:310:7:375:Infinity": 47,
                "f:310:7:310:12": 9,
                "s:314:4:314:Infinity": 48,
                "s:319:4:319:Infinity": 49,
                "s:324:4:324:Infinity": 50,
                "s:329:4:329:Infinity": 51,
                "s:334:4:334:Infinity": 52,
                "s:339:4:339:Infinity": 53,
                "s:344:4:344:Infinity": 54,
                "s:349:4:349:Infinity": 55,
                "s:354:4:354:Infinity": 56,
                "s:359:4:359:Infinity": 57,
                "s:364:4:364:Infinity": 58,
                "s:369:4:369:Infinity": 59,
                "s:374:4:374:Infinity": 60,
                "s:383:42:393:Infinity": 61,
                "s:406:7:433:Infinity": 62,
                "f:406:7:406:12": 10,
                "s:410:4:410:Infinity": 63,
                "s:415:4:415:Infinity": 64,
                "s:420:4:420:Infinity": 65,
                "s:427:4:427:Infinity": 66,
                "s:432:4:432:Infinity": 67
            }
        }
    },
    "/home/leonid/Documents/projects/bridgewire/src/BridgeWireTransport/BridgeWireTransport.ts": {
        "path": "/home/leonid/Documents/projects/bridgewire/src/BridgeWireTransport/BridgeWireTransport.ts",
        "statementMap": {
            "0": {
                "start": {"line": 48, "column": 8},
                "end": {"line": 50, "column": null}
            },
            "1": {
                "start": {"line": 49, "column": 12},
                "end": {"line": 49, "column": null}
            },
            "2": {
                "start": {"line": 50, "column": 12},
                "end": {"line": 50, "column": null}
            },
            "3": {
                "start": {"line": 55, "column": 8},
                "end": {"line": 55, "column": null}
            },
            "4": {
                "start": {"line": 56, "column": 8},
                "end": {"line": 56, "column": null}
            },
            "5": {
                "start": {"line": 57, "column": 8},
                "end": {"line": 57, "column": null}
            },
            "6": {
                "start": {"line": 58, "column": 8},
                "end": {"line": 58, "column": null}
            },
            "7": {
                "start": {"line": 59, "column": 8},
                "end": {"line": 59, "column": null}
            },
            "8": {
                "start": {"line": 61, "column": 8},
                "end": {"line": 61, "column": null}
            },
            "9": {
                "start": {"line": 62, "column": 8},
                "end": {"line": 62, "column": null}
            },
            "10": {
                "start": {"line": 82, "column": 8},
                "end": {"line": 82, "column": null}
            },
            "11": {
                "start": {"line": 84, "column": 8},
                "end": {"line": 87, "column": null}
            },
            "12": {
                "start": {"line": 85, "column": 12},
                "end": {"line": 85, "column": null}
            },
            "13": {
                "start": {"line": 86, "column": 12},
                "end": {"line": 86, "column": null}
            },
            "14": {
                "start": {"line": 86, "column": 55},
                "end": {"line": 86, "column": 75}
            },
            "15": {
                "start": {"line": 89, "column": 8},
                "end": {"line": 93, "column": null}
            },
            "16": {
                "start": {"line": 90, "column": 12},
                "end": {"line": 92, "column": null}
            },
            "17": {
                "start": {"line": 91, "column": 16},
                "end": {"line": 91, "column": null}
            },
            "18": {
                "start": {"line": 95, "column": 8},
                "end": {"line": 99, "column": null}
            },
            "19": {
                "start": {"line": 96, "column": 12},
                "end": {"line": 98, "column": null}
            },
            "20": {
                "start": {"line": 97, "column": 16},
                "end": {"line": 97, "column": null}
            },
            "21": {
                "start": {"line": 101, "column": 8},
                "end": {"line": 106, "column": null}
            },
            "22": {
                "start": {"line": 102, "column": 12},
                "end": {"line": 102, "column": null}
            },
            "23": {
                "start": {"line": 103, "column": 12},
                "end": {"line": 105, "column": null}
            },
            "24": {
                "start": {"line": 104, "column": 16},
                "end": {"line": 104, "column": 51}
            },
            "25": {
                "start": {"line": 119, "column": 8},
                "end": {"line": 119, "column": null}
            },
            "26": {
                "start": {"line": 120, "column": 8},
                "end": {"line": 122, "column": null}
            },
            "27": {
                "start": {"line": 121, "column": 12},
                "end": {"line": 121, "column": null}
            },
            "28": {
                "start": {"line": 137, "column": 8},
                "end": {"line": 142, "column": null}
            },
            "29": {
                "start": {"line": 138, "column": 12},
                "end": {"line": 138, "column": null}
            },
            "30": {
                "start": {"line": 138, "column": 32},
                "end": {"line": 138, "column": 54}
            },
            "31": {
                "start": {"line": 139, "column": 19},
                "end": {"line": 142, "column": null}
            },
            "32": {
                "start": {"line": 140, "column": 12},
                "end": {"line": 140, "column": null}
            },
            "33": {
                "start": {"line": 140, "column": 55},
                "end": {"line": 140, "column": 77}
            },
            "34": {
                "start": {"line": 142, "column": 12},
                "end": {"line": 142, "column": null}
            },
            "35": {
                "start": {"line": 147, "column": 8},
                "end": {"line": 147, "column": null}
            },
            "36": {
                "start": {"line": 161, "column": 8},
                "end": {"line": 161, "column": null}
            },
            "37": {
                "start": {"line": 173, "column": 8},
                "end": {"line": 173, "column": null}
            },
            "38": {
                "start": {"line": 187, "column": 8},
                "end": {"line": 187, "column": null}
            },
            "39": {
                "start": {"line": 199, "column": 8},
                "end": {"line": 199, "column": null}
            },
            "40": {
                "start": {"line": 214, "column": 8},
                "end": {"line": 214, "column": null}
            }
        },
        "fnMap": {
            "0": {
                "name": "(anonymous_0)",
                "decl": {
                    "start": {"line": 47, "column": 4},
                    "end": {"line": 47, "column": 18}
                },
                "loc": {
                    "start": {"line": 47, "column": 39},
                    "end": {"line": 50, "column": null}
                },
                "line": 47
            },
            "1": {
                "name": "(anonymous_1)",
                "decl": {
                    "start": {"line": 54, "column": 4},
                    "end": {"line": 54, "column": 14}
                },
                "loc": {
                    "start": {"line": 54, "column": 51},
                    "end": {"line": 62, "column": null}
                },
                "line": 54
            },
            "2": {
                "name": "(anonymous_2)",
                "decl": {
                    "start": {"line": 81, "column": 4},
                    "end": {"line": 81, "column": 14}
                },
                "loc": {
                    "start": {"line": 81, "column": 69},
                    "end": {"line": 106, "column": null}
                },
                "line": 81
            },
            "3": {
                "name": "(anonymous_3)",
                "decl": {
                    "start": {"line": 84, "column": 16},
                    "end": {"line": 84, "column": 30}
                },
                "loc": {
                    "start": {"line": 84, "column": 30},
                    "end": {"line": 87, "column": null}
                },
                "line": 84
            },
            "4": {
                "name": "(anonymous_4)",
                "decl": {
                    "start": {"line": 86, "column": 33},
                    "end": {"line": 86, "column": 42}
                },
                "loc": {
                    "start": {"line": 86, "column": 55},
                    "end": {"line": 86, "column": 75}
                },
                "line": 86
            },
            "5": {
                "name": "(anonymous_5)",
                "decl": {
                    "start": {"line": 89, "column": 16},
                    "end": {"line": 89, "column": 29}
                },
                "loc": {
                    "start": {"line": 89, "column": 38},
                    "end": {"line": 93, "column": null}
                },
                "line": 89
            },
            "6": {
                "name": "(anonymous_6)",
                "decl": {
                    "start": {"line": 90, "column": 35},
                    "end": {"line": 90, "column": 44}
                },
                "loc": {
                    "start": {"line": 90, "column": 57},
                    "end": {"line": 92, "column": null}
                },
                "line": 90
            },
            "7": {
                "name": "(anonymous_7)",
                "decl": {
                    "start": {"line": 95, "column": 16},
                    "end": {"line": 95, "column": 27}
                },
                "loc": {
                    "start": {"line": 95, "column": 37},
                    "end": {"line": 99, "column": null}
                },
                "line": 95
            },
            "8": {
                "name": "(anonymous_8)",
                "decl": {
                    "start": {"line": 96, "column": 40},
                    "end": {"line": 96, "column": 49}
                },
                "loc": {
                    "start": {"line": 96, "column": 62},
                    "end": {"line": 98, "column": null}
                },
                "line": 96
            },
            "9": {
                "name": "(anonymous_9)",
                "decl": {
                    "start": {"line": 101, "column": 16},
                    "end": {"line": 101, "column": 29}
                },
                "loc": {
                    "start": {"line": 101, "column": 47},
                    "end": {"line": 106, "column": null}
                },
                "line": 101
            },
            "10": {
                "name": "(anonymous_10)",
                "decl": {
                    "start": {"line": 103, "column": 35},
                    "end": {"line": 103, "column": 44}
                },
                "loc": {
                    "start": {"line": 104, "column": 16},
                    "end": {"line": 104, "column": 51}
                },
                "line": 104
            },
            "11": {
                "name": "(anonymous_11)",
                "decl": {
                    "start": {"line": 118, "column": 4},
                    "end": {"line": 118, "column": 14}
                },
                "loc": {
                    "start": {"line": 118, "column": 45},
                    "end": {"line": 122, "column": null}
                },
                "line": 118
            },
            "12": {
                "name": "(anonymous_12)",
                "decl": {
                    "start": {"line": 120, "column": 29},
                    "end": {"line": 120, "column": 38}
                },
                "loc": {
                    "start": {"line": 120, "column": 51},
                    "end": {"line": 122, "column": null}
                },
                "line": 120
            },
            "13": {
                "name": "(anonymous_13)",
                "decl": {
                    "start": {"line": 136, "column": 4},
                    "end": {"line": 136, "column": 11}
                },
                "loc": {
                    "start": {"line": 136, "column": 54},
                    "end": {"line": 142, "column": null}
                },
                "line": 136
            },
            "14": {
                "name": "(anonymous_14)",
                "decl": {
                    "start": {"line": 138, "column": 16},
                    "end": {"line": 138, "column": 25}
                },
                "loc": {
                    "start": {"line": 138, "column": 32},
                    "end": {"line": 138, "column": 54}
                },
                "line": 138
            },
            "15": {
                "name": "(anonymous_15)",
                "decl": {
                    "start": {"line": 140, "column": 39},
                    "end": {"line": 140, "column": 48}
                },
                "loc": {
                    "start": {"line": 140, "column": 55},
                    "end": {"line": 140, "column": 77}
                },
                "line": 140
            },
            "16": {
                "name": "(anonymous_16)",
                "decl": {
                    "start": {"line": 146, "column": 15},
                    "end": {"line": 146, "column": 41}
                },
                "loc": {
                    "start": {"line": 146, "column": 41},
                    "end": {"line": 147, "column": null}
                },
                "line": 146
            },
            "17": {
                "name": "(anonymous_17)",
                "decl": {
                    "start": {"line": 158, "column": 4},
                    "end": {"line": 158, "column": 11}
                },
                "loc": {
                    "start": {"line": 160, "column": 25},
                    "end": {"line": 161, "column": null}
                },
                "line": 160
            },
            "18": {
                "name": "(anonymous_18)",
                "decl": {
                    "start": {"line": 170, "column": 4},
                    "end": {"line": 170, "column": 11}
                },
                "loc": {
                    "start": {"line": 172, "column": 25},
                    "end": {"line": 173, "column": null}
                },
                "line": 172
            },
            "19": {
                "name": "(anonymous_19)",
                "decl": {
                    "start": {"line": 184, "column": 4},
                    "end": {"line": 184, "column": 11}
                },
                "loc": {
                    "start": {"line": 186, "column": 25},
                    "end": {"line": 187, "column": null}
                },
                "line": 186
            },
            "20": {
                "name": "(anonymous_20)",
                "decl": {
                    "start": {"line": 198, "column": 4},
                    "end": {"line": 198, "column": 11}
                },
                "loc": {
                    "start": {"line": 198, "column": 63},
                    "end": {"line": 199, "column": null}
                },
                "line": 198
            },
            "21": {
                "name": "(anonymous_21)",
                "decl": {
                    "start": {"line": 211, "column": 4},
                    "end": {"line": 211, "column": 11}
                },
                "loc": {
                    "start": {"line": 213, "column": 25},
                    "end": {"line": 214, "column": null}
                },
                "line": 213
            }
        },
        "branchMap": {
            "0": {
                "loc": {
                    "start": {"line": 48, "column": 8},
                    "end": {"line": 50, "column": null}
                },
                "type": "if",
                "locations": [
                    {
                        "start": {"line": 48, "column": 8},
                        "end": {"line": 50, "column": null}
                    },
                    {"start": {}, "end": {}}
                ],
                "line": 48
            },
            "1": {
                "loc": {
                    "start": {"line": 137, "column": 8},
                    "end": {"line": 142, "column": null}
                },
                "type": "if",
                "locations": [
                    {
                        "start": {"line": 137, "column": 8},
                        "end": {"line": 142, "column": null}
                    },
                    {
                        "start": {"line": 139, "column": 19},
                        "end": {"line": 142, "column": null}
                    }
                ],
                "line": 137
            },
            "2": {
                "loc": {
                    "start": {"line": 139, "column": 19},
                    "end": {"line": 142, "column": null}
                },
                "type": "if",
                "locations": [
                    {
                        "start": {"line": 139, "column": 19},
                        "end": {"line": 142, "column": null}
[...]
                    {
                        "start": {"line": 104, "column": 15},
                        "end": {"line": 104, "column": 35}
                    }
                ],
                "line": 104
            },
            "14": {
                "loc": {
                    "start": {"line": 105, "column": 4},
                    "end": {"line": 105, "column": 27}
                },
                "type": "default-arg",
                "locations": [
                    {
                        "start": {"line": 105, "column": 11},
                        "end": {"line": 105, "column": 27}
                    }
                ],
                "line": 105
            },
            "15": {
                "loc": {
                    "start": {"line": 106, "column": 4},
                    "end": {"line": 106, "column": 35}
                },
                "type": "default-arg",
                "locations": [
                    {
                        "start": {"line": 106, "column": 11},
                        "end": {"line": 106, "column": 35}
                    }
                ],
                "line": 106
            },
            "16": {
                "loc": {
                    "start": {"line": 111, "column": 8},
                    "end": {"line": 114, "column": null}
                },
                "type": "if",
                "locations": [
                    {
                        "start": {"line": 111, "column": 8},
                        "end": {"line": 114, "column": null}
                    },
                    {
                        "start": {"line": 113, "column": 19},
                        "end": {"line": 114, "column": null}
                    }
                ],
                "line": 111
            },
            "17": {
                "loc": {
                    "start": {"line": 113, "column": 19},
                    "end": {"line": 114, "column": null}
                },
                "type": "if",
                "locations": [
                    {
                        "start": {"line": 113, "column": 19},
                        "end": {"line": 114, "column": null}
                    },
                    {"start": {}, "end": {}}
                ],
                "line": 113
            },
            "18": {
                "loc": {
                    "start": {"line": 119, "column": 18},
                    "end": {"line": 121, "column": null}
                },
                "type": "cond-expr",
                "locations": [
                    {
                        "start": {"line": 120, "column": 10},
                        "end": {"line": 120, "column": null}
                    },
                    {
                        "start": {"line": 121, "column": 10},
                        "end": {"line": 121, "column": null}
                    }
                ],
                "line": 119
            },
            "19": {
                "loc": {
                    "start": {"line": 122, "column": 4},
                    "end": {"line": 123, "column": null}
                },
                "type": "if",
                "locations": [
                    {
                        "start": {"line": 122, "column": 4},
                        "end": {"line": 123, "column": null}
                    },
                    {"start": {}, "end": {}}
                ],
                "line": 122
            },
            "20": {
                "loc": {
                    "start": {"line": 123, "column": 31},
                    "end": {"line": 123, "column": null}
                },
                "type": "cond-expr",
                "locations": [
                    {
                        "start": {"line": 123, "column": 54},
                        "end": {"line": 123, "column": 61}
                    },
                    {
                        "start": {"line": 123, "column": 61},
                        "end": {"line": 123, "column": null}
                    }
                ],
                "line": 123
            },
            "21": {
                "loc": {
                    "start": {"line": 136, "column": 4},
                    "end": {"line": 146, "column": null}
                },
                "type": "switch",
                "locations": [
                    {
                        "start": {"line": 137, "column": 8},
                        "end": {"line": 138, "column": null}
                    },
                    {
                        "start": {"line": 139, "column": 8},
                        "end": {"line": 140, "column": null}
                    },
                    {
                        "start": {"line": 141, "column": 8},
                        "end": {"line": 142, "column": null}
                    },
                    {
                        "start": {"line": 143, "column": 8},
                        "end": {"line": 144, "column": null}
                    },
                    {
                        "start": {"line": 145, "column": 8},
                        "end": {"line": 146, "column": null}
                    }
                ],
                "line": 136
            },
            "22": {
                "loc": {
                    "start": {"line": 157, "column": 4},
                    "end": {"line": 165, "column": null}
                },
                "type": "switch",
                "locations": [
                    {
                        "start": {"line": 158, "column": 8},
                        "end": {"line": 159, "column": null}
                    },
                    {
                        "start": {"line": 160, "column": 8},
                        "end": {"line": 161, "column": null}
                    },
                    {
                        "start": {"line": 162, "column": 8},
                        "end": {"line": 163, "column": null}
                    },
                    {
                        "start": {"line": 164, "column": 8},
                        "end": {"line": 165, "column": null}
                    }
                ],
                "line": 157
            },
            "23": {
                "loc": {
                    "start": {"line": 183, "column": 8},
                    "end": {"line": 185, "column": null}
                },
                "type": "if",
                "locations": [
                    {
                        "start": {"line": 183, "column": 8},
                        "end": {"line": 185, "column": null}
                    },
                    {"start": {}, "end": {}}
                ],
                "line": 183
            },
            "24": {
                "loc": {
                    "start": {"line": 188, "column": 8},
                    "end": {"line": 190, "column": null}
                },
                "type": "if",
                "locations": [
                    {
                        "start": {"line": 188, "column": 8},
                        "end": {"line": 190, "column": null}
                    },
                    {"start": {}, "end": {}}
                ],
                "line": 188
            },
            "25": {
                "loc": {
                    "start": {"line": 214, "column": 8},
                    "end": {"line": 214, "column": null}
                },
                "type": "binary-expr",
                "locations": [
                    {
                        "start": {"line": 214, "column": 8},
                        "end": {"line": 214, "column": 53}
                    },
                    {
                        "start": {"line": 214, "column": 57},
                        "end": {"line": 214, "column": null}
                    }
                ],
                "line": 214
            },
            "26": {
                "loc": {
                    "start": {"line": 219, "column": 4},
                    "end": {"line": 225, "column": null}
                },
                "type": "switch",
                "locations": [
                    {
                        "start": {"line": 220, "column": 8},
                        "end": {"line": 221, "column": null}
                    },
                    {
                        "start": {"line": 222, "column": 8},
                        "end": {"line": 223, "column": null}
                    },
                    {
                        "start": {"line": 224, "column": 8},
                        "end": {"line": 225, "column": null}
                    }
                ],
                "line": 219
            },
            "27": {
                "loc": {
                    "start": {"line": 221, "column": 19},
                    "end": {"line": 221, "column": null}
                },
                "type": "cond-expr",
                "locations": [
                    {
                        "start": {"line": 221, "column": 33},
                        "end": {"line": 221, "column": 48}
                    },
                    {
                        "start": {"line": 221, "column": 48},
                        "end": {"line": 221, "column": null}
                    }
                ],
                "line": 221
            },
            "28": {
                "loc": {
                    "start": {"line": 223, "column": 19},
                    "end": {"line": 223, "column": null}
                },
                "type": "cond-expr",
                "locations": [
                    {
                        "start": {"line": 223, "column": 33},
                        "end": {"line": 223, "column": 50}
                    },
                    {
                        "start": {"line": 223, "column": 50},
                        "end": {"line": 223, "column": null}
                    }
                ],
                "line": 223
            },
            "29": {
                "loc": {
                    "start": {"line": 237, "column": 11},
                    "end": {"line": 237, "column": null}
                },
                "type": "binary-expr",
                "locations": [
                    {
                        "start": {"line": 237, "column": 11},
                        "end": {"line": 237, "column": 41}
                    },
                    {
                        "start": {"line": 237, "column": 41},
                        "end": {"line": 237, "column": null}
                    }
                ],
                "line": 237
            },
            "30": {
                "loc": {
                    "start": {"line": 247, "column": 4},
                    "end": {"line": 253, "column": null}
                },
                "type": "switch",
                "locations": [
                    {
                        "start": {"line": 248, "column": 8},
                        "end": {"line": 248, "column": null}
                    },
                    {
                        "start": {"line": 249, "column": 8},
                        "end": {"line": 250, "column": null}
                    },
                    {
                        "start": {"line": 251, "column": 8},
                        "end": {"line": 251, "column": null}
                    },
                    {
                        "start": {"line": 252, "column": 8},
                        "end": {"line": 253, "column": null}
                    }
                ],
                "line": 247
            }
        },
        "s": {
            "0": 6,
            "1": 6,
            "2": 15,
            "3": 15,
            "4": 15,
            "5": 7,
            "6": 15,
            "7": 4,
            "8": 4,
            "9": 15,
            "10": 7,
            "11": 7,
            "12": 15,
            "13": 15,
            "14": 15,
            "15": 15,
            "16": 11,
            "17": 15,
            "18": 2,
            "19": 15,
            "20": 8,
            "21": 15,
            "22": 4,
            "23": 11,
            "24": 6,
            "25": 15,
            "26": 32,
            "27": 32,
            "28": 9,
            "29": 8,
            "30": 1,
            "31": 1,
            "32": 2,
            "33": 9,
            "34": 32,
            "35": 32,
            "36": 2,
            "37": 32,
            "38": 44,
            "39": 1,
            "40": 1,
            "41": 9,
            "42": 32,
            "43": 1,
            "44": 38,
            "45": 13,
            "46": 7,
            "47": 2,
            "48": 2,
            "49": 19,
            "50": 19,
            "51": 13,
            "52": 13,
            "53": 9,
            "54": 9,
            "55": 4,
            "56": 1,
            "57": 1,
            "58": 3,
            "59": 19,
            "60": 17,
            "61": 17,
            "62": 17,
            "63": 3,
            "64": 3,
            "65": 11,
            "66": 7,
            "67": 16,
            "68": 5,
            "69": 11
        },
        "f": {
            "0": 15,
            "1": 32,
            "2": 9,
            "3": 2,
            "4": 44,
            "5": 38,
            "6": 19,
            "7": 13,
            "8": 17,
            "9": 7,
            "10": 16
        },
        "b": {
            "0": [7, 8],
            "1": [4, 11],
            "2": [3, 1],
            "3": [7, 8],
            "4": [1, 6],
            "5": [15, 0],
            "6": [11, 4],
            "7": [2, 13],
            "8": [8, 7],
            "9": [4, 11],
            "10": [6, 5],
            "11": [11, 6],
            "12": [32],
            "13": [32],
            "14": [32],
            "15": [32],
            "16": [8, 1],
            "17": [1, 0],
            "18": [6, 26],
            "19": [2, 30],
            "20": [1, 1],
            "21": [1, 1, 9, 32, 1],
            "22": [13, 7, 2, 2],
            "23": [9, 4],
            "24": [1, 3],
            "25": [17, 12],
            "26": [3, 3, 11],
            "27": [1, 2],
            "28": [1, 2],
            "29": [7, 6],
            "30": [2, 5, 2, 11]
        },
        "meta": {
            "lastBranch": 31,
            "lastFunction": 11,
            "lastStatement": 70,
            "seen": {
                "s:4:25:4:Infinity": 0,
                "s:7:4:7:Infinity": 1,
                "f:32:16:32:25": 0,
                "s:33:24:33:50": 2,
                "s:34:18:34:Infinity": 3,
                "b:36:4:37:Infinity:undefined:undefined:undefined:undefined": 0,
                "s:36:4:37:Infinity": 4,
                "s:37:8:37:Infinity": 5,
                "b:40:4:42:Infinity:undefined:undefined:undefined:undefined": 1,
                "s:40:4:42:Infinity": 6,
                "s:41:8:41:Infinity": 7,
                "b:41:36:41:42:41:42:41:Infinity": 2,
                "s:42:8:42:Infinity": 8,
                "b:45:4:47:Infinity:undefined:undefined:undefined:undefined": 3,
                "s:45:4:47:Infinity": 9,
                "s:46:8:46:Infinity": 10,
                "b:46:37:46:43:46:43:46:Infinity": 4,
                "s:47:8:47:Infinity": 11,
                "s:50:65:50:77": 12,
                "s:51:27:51:50": 13,
                "s:53:28:56:Infinity": 14,
                "b:54:25:54:36:54:36:54:Infinity": 5,
                "b:58:4:59:Infinity:undefined:undefined:undefined:undefined": 6,
                "s:58:4:59:Infinity": 15,
                "s:59:8:59:Infinity": 16,
                "b:62:4:63:Infinity:undefined:undefined:undefined:undefined": 7,
                "s:62:4:63:Infinity": 17,
                "s:63:8:63:Infinity": 18,
                "b:66:4:67:Infinity:undefined:undefined:undefined:undefined": 8,
                "s:66:4:67:Infinity": 19,
                "s:67:8:67:Infinity": 20,
                "b:70:4:73:Infinity:72:15:73:Infinity": 9,
                "s:70:4:73:Infinity": 21,
                "s:71:8:71:Infinity": 22,
                "b:72:15:73:Infinity:undefined:undefined:undefined:undefined": 10,
                "s:72:15:73:Infinity": 23,
                "b:72:15:72:30:72:30:72:46": 11,
                "s:73:8:73:Infinity": 24,
                "s:76:4:76:Infinity": 25,
                "f:101:16:101:29": 1,
                "b:102:12:102:14": 12,
                "b:104:15:104:35": 13,
                "b:105:11:105:27": 14,
                "b:106:11:106:35": 15,
                "s:109:17:109:Infinity": 26,
                "s:110:25:117:29": 27,
                "f:110:47:110:55": 2,
                "b:111:8:114:Infinity:113:19:114:Infinity": 16,
                "s:111:8:114:Infinity": 28,
                "s:112:12:112:Infinity": 29,
                "b:113:19:114:Infinity:undefined:undefined:undefined:undefined": 17,
                "s:113:19:114:Infinity": 30,
                "s:114:12:114:Infinity": 31,
                "f:114:18:114:27": 3,
                "s:114:33:114:51": 32,
                "s:116:8:116:Infinity": 33,
                "s:119:18:121:Infinity": 34,
                "b:120:10:120:Infinity:121:10:121:Infinity": 18,
                "b:122:4:123:Infinity:undefined:undefined:undefined:undefined": 19,
                "s:122:4:123:Infinity": 35,
                "s:123:8:123:Infinity": 36,
                "b:123:54:123:61:123:61:123:Infinity": 20,
                "s:126:4:126:Infinity": 37,
                "f:135:16:135:34": 4,
                "b:137:8:138:Infinity:139:8:140:Infinity:141:8:142:Infinity:143:8:144:Infinity:145:8:146:Infinity": 21,
                "s:136:4:146:Infinity": 38,
                "s:138:12:138:Infinity": 39,
                "s:140:12:140:Infinity": 40,
                "s:142:12:142:Infinity": 41,
                "s:144:12:144:Infinity": 42,
                "s:146:12:146:Infinity": 43,
                "f:156:16:156:30": 5,
                "b:158:8:159:Infinity:160:8:161:Infinity:162:8:163:Infinity:164:8:165:Infinity": 22,
                "s:157:4:165:Infinity": 44,
                "s:159:12:159:Infinity": 45,
                "s:161:12:161:Infinity": 46,
                "s:163:12:163:Infinity": 47,
                "s:165:12:165:Infinity": 48,
                "f:178:16:178:34": 6,
                "s:179:25:179:27": 49,
                "s:180:4:194:Infinity": 50,
                "f:180:11:180:20": 7,
                "s:181:25:181:Infinity": 51,
                "b:183:8:185:Infinity:undefined:undefined:undefined:undefined": 23,
                "s:183:8:185:Infinity": 52,
                "s:184:12:184:Infinity": 53,
                "s:185:12:185:Infinity": 54,
                "b:188:8:190:Infinity:undefined:undefined:undefined:undefined": 24,
                "s:188:8:190:Infinity": 55,
                "s:189:12:189:Infinity": 56,
                "s:190:12:190:Infinity": 57,
                "s:193:8:193:Infinity": 58,
                "s:196:4:196:Infinity": 59,
                "f:212:16:212:35": 8,
                "s:214:8:214:Infinity": 60,
                "b:214:8:214:53:214:57:214:Infinity": 25,
                "s:215:24:216:Infinity": 61,
                "b:220:8:221:Infinity:222:8:223:Infinity:224:8:225:Infinity": 26,
                "s:219:4:225:Infinity": 62,
                "s:221:12:221:Infinity": 63,
                "b:221:33:221:48:221:48:221:Infinity": 27,
                "s:223:12:223:Infinity": 64,
                "b:223:33:223:50:223:50:223:Infinity": 28,
                "s:225:12:225:Infinity": 65,
                "f:236:16:236:41": 9,
                "s:237:4:237:Infinity": 66,
                "b:237:11:237:41:237:41:237:Infinity": 29,
                "f:246:16:246:31": 10,
                "b:248:8:248:Infinity:249:8:250:Infinity:251:8:251:Infinity:252:8:253:Infinity": 30,
                "s:247:4:253:Infinity": 67,
                "s:250:12:250:Infinity": 68,
                "s:253:12:253:Infinity": 69
            }
        }
    }
}
